Arguments: 
  /usr/local/Cellar/node/8.9.0/bin/node /usr/local/bin/yarn start

PATH: 
  /usr/local/bin:/usr/bin:/bin:/usr/sbin:/sbin:/opt/X11/bin

Yarn version: 
  1.4.0

Node version: 
  8.9.0

Platform: 
  darwin x64

npm manifest: 
  {
    "name": "screeps-patsimm",
    "version": "0.0.1",
    "main": "main.js",
    "author": "patsimm",
    "license": "MIT",
    "private": true,
    "scripts": {
      "start": "yarn build && yarn sync dev",
      "build": "tsc",
      "sync": "./sync.sh"
    },
    "devDependencies": {
      "@types/screeps": "^2.2.0",
      "typescript": "^2.7.1"
    },
    "dependencies": {}
  }

yarn manifest: 
  No manifest

Lockfile: 
  # THIS IS AN AUTOGENERATED FILE. DO NOT EDIT THIS FILE DIRECTLY.
  # yarn lockfile v1
  
  
  "@types/screeps@^2.2.0":
    version "2.2.0"
    resolved "https://registry.yarnpkg.com/@types/screeps/-/screeps-2.2.0.tgz#a36fecf95611df292b5b246cea431dd95a2a6531"
  
  typescript@^2.7.1:
    version "2.7.1"
    resolved "https://registry.yarnpkg.com/typescript/-/typescript-2.7.1.tgz#bb3682c2c791ac90e7c6210b26478a8da085c359"

Trace: 
  Error: Command failed.
  Exit code: 1
  Command: sh
  Arguments: -c yarn build && yarn sync dev
  Directory: /Users/psimmelbauer/code/screeps-scripts-dev
  Output:
  
      at ProcessTermError.MessageError (/usr/local/lib/node_modules/yarn/lib/cli.js:186:110)
      at new ProcessTermError (/usr/local/lib/node_modules/yarn/lib/cli.js:226:113)
      at ChildProcess.<anonymous> (/usr/local/lib/node_modules/yarn/lib/cli.js:30822:17)
      at emitTwo (events.js:126:13)
      at ChildProcess.emit (events.js:214:7)
      at maybeClose (internal/child_process.js:925:16)
      at Process.ChildProcess._handle.onexit (internal/child_process.js:209:5)
